0 info it worked if it ends with ok
1 verbose cli [ '/usr/local/bin/node',
1 verbose cli   '/usr/local/bin/npm',
1 verbose cli   'install',
1 verbose cli   '--save-dev',
1 verbose cli   'gulp' ]
2 info using npm@2.14.7
3 info using node@v4.2.2
4 verbose config Skipping project config: /Users/austincrane/.npmrc. (matches userconfig)
5 verbose install initial load of /Users/austincrane/package.json
6 verbose installManyTop reading scoped package data from /Users/austincrane/node_modules/angular/package.json
7 verbose installManyTop reading scoped package data from /Users/austincrane/node_modules/angular-route/package.json
8 verbose installManyTop reading scoped package data from /Users/austincrane/node_modules/bourbon/package.json
9 verbose installManyTop reading scoped package data from /Users/austincrane/node_modules/gulp/package.json
10 verbose readDependencies loading dependencies from /Users/austincrane/package.json
11 verbose install gulp is installed as 3.9.0
12 silly cache add args [ 'gulp', null ]
13 verbose cache add spec gulp
14 silly cache add parsed spec Result {
14 silly cache add   raw: 'gulp',
14 silly cache add   scope: null,
14 silly cache add   name: 'gulp',
14 silly cache add   rawSpec: '',
14 silly cache add   spec: '*',
14 silly cache add   type: 'range' }
15 silly addNamed gulp@*
16 verbose addNamed "*" is a valid semver range for gulp
17 silly addNameRange { name: 'gulp', range: '*', hasData: false }
18 silly mapToRegistry name gulp
19 silly mapToRegistry using default registry
20 silly mapToRegistry registry https://registry.npmjs.org/
21 silly mapToRegistry uri https://registry.npmjs.org/gulp
22 verbose addNameRange registry:https://registry.npmjs.org/gulp not in flight; fetching
23 verbose request uri https://registry.npmjs.org/gulp
24 verbose request no auth needed
25 info attempt registry request try #1 at 1:07:49 PM
26 verbose request id 75e1e995a67e00b8
27 verbose etag "9YEP1VBJMD6EPNYO4Z2L7TV5S"
28 http request GET https://registry.npmjs.org/gulp
29 http 200 https://registry.npmjs.org/gulp
30 verbose headers { server: 'CouchDB/1.5.0 (Erlang OTP/R16B03)',
30 verbose headers   etag: '"7BGA32VH801IRKGTOQ7XSH7LY"',
30 verbose headers   'content-type': 'application/json',
30 verbose headers   'cache-control': 'max-age=300',
30 verbose headers   'content-length': '112796',
30 verbose headers   'accept-ranges': 'bytes',
30 verbose headers   date: 'Tue, 01 Mar 2016 18:07:49 GMT',
30 verbose headers   via: '1.1 varnish',
30 verbose headers   age: '37',
30 verbose headers   connection: 'keep-alive',
30 verbose headers   'x-served-by': 'cache-iad2131-IAD',
30 verbose headers   'x-cache': 'HIT',
30 verbose headers   'x-cache-hits': '1',
30 verbose headers   'x-timer': 'S1456855669.798893,VS0,VE0',
30 verbose headers   vary: 'Accept' }
31 silly get cb [ 200,
31 silly get   { server: 'CouchDB/1.5.0 (Erlang OTP/R16B03)',
31 silly get     etag: '"7BGA32VH801IRKGTOQ7XSH7LY"',
31 silly get     'content-type': 'application/json',
31 silly get     'cache-control': 'max-age=300',
31 silly get     'content-length': '112796',
31 silly get     'accept-ranges': 'bytes',
31 silly get     date: 'Tue, 01 Mar 2016 18:07:49 GMT',
31 silly get     via: '1.1 varnish',
31 silly get     age: '37',
31 silly get     connection: 'keep-alive',
31 silly get     'x-served-by': 'cache-iad2131-IAD',
31 silly get     'x-cache': 'HIT',
31 silly get     'x-cache-hits': '1',
31 silly get     'x-timer': 'S1456855669.798893,VS0,VE0',
31 silly get     vary: 'Accept' } ]
32 verbose get saving gulp to /Users/austincrane/.npm/registry.npmjs.org/gulp/.cache.json
33 silly addNameRange number 2 { name: 'gulp', range: '*', hasData: true }
34 silly addNameRange versions [ 'gulp',
34 silly addNameRange   [ '0.0.1',
34 silly addNameRange     '0.0.2',
34 silly addNameRange     '0.0.3',
34 silly addNameRange     '0.0.4',
34 silly addNameRange     '0.0.5',
34 silly addNameRange     '0.0.7',
34 silly addNameRange     '0.0.8',
34 silly addNameRange     '0.0.9',
34 silly addNameRange     '0.1.0',
34 silly addNameRange     '0.2.0',
34 silly addNameRange     '1.0.0',
34 silly addNameRange     '1.1.0',
34 silly addNameRange     '1.2.0',
34 silly addNameRange     '1.2.1',
34 silly addNameRange     '2.0.0',
34 silly addNameRange     '2.0.1',
34 silly addNameRange     '2.1.0',
34 silly addNameRange     '2.2.0',
34 silly addNameRange     '2.3.0',
34 silly addNameRange     '2.4.0',
34 silly addNameRange     '2.4.1',
34 silly addNameRange     '2.6.0',
34 silly addNameRange     '2.6.1',
34 silly addNameRange     '2.7.0',
34 silly addNameRange     '3.0.0',
34 silly addNameRange     '3.1.1',
34 silly addNameRange     '3.1.2',
34 silly addNameRange     '3.1.3',
34 silly addNameRange     '3.1.4',
34 silly addNameRange     '3.2.0',
34 silly addNameRange     '3.2.1',
34 silly addNameRange     '3.2.2',
34 silly addNameRange     '3.2.3',
34 silly addNameRange     '3.2.4',
34 silly addNameRange     '3.2.5',
34 silly addNameRange     '3.3.0',
34 silly addNameRange     '3.3.1',
34 silly addNameRange     '3.3.2',
34 silly addNameRange     '3.3.4',
34 silly addNameRange     '3.4.0',
34 silly addNameRange     '3.5.0',
34 silly addNameRange     '3.5.1',
34 silly addNameRange     '3.5.2',
34 silly addNameRange     '3.5.5',
34 silly addNameRange     '3.5.6',
34 silly addNameRange     '3.6.0',
34 silly addNameRange     '3.6.1',
34 silly addNameRange     '3.6.2',
34 silly addNameRange     '3.7.0',
34 silly addNameRange     '3.8.0',
34 silly addNameRange     '3.8.1',
34 silly addNameRange     '3.8.2',
34 silly addNameRange     '3.8.3',
34 silly addNameRange     '3.8.4',
34 silly addNameRange     '3.8.5',
34 silly addNameRange     '3.8.6',
34 silly addNameRange     '3.8.7',
34 silly addNameRange     '3.8.8',
34 silly addNameRange     '3.8.9',
34 silly addNameRange     '3.8.10',
34 silly addNameRange     '3.8.11',
34 silly addNameRange     '3.9.0',
34 silly addNameRange     '3.9.1' ] ]
35 silly addNamed gulp@3.9.1
36 verbose addNamed "3.9.1" is a plain semver version for gulp
37 silly mapToRegistry name gulp
38 silly mapToRegistry using default registry
39 silly mapToRegistry registry https://registry.npmjs.org/
40 silly mapToRegistry uri https://registry.npmjs.org/gulp
41 verbose addRemoteTarball https://registry.npmjs.org/gulp/-/gulp-3.9.1.tgz not in flight; adding
42 verbose addRemoteTarball [ 'https://registry.npmjs.org/gulp/-/gulp-3.9.1.tgz',
42 verbose addRemoteTarball   '571ce45928dd40af6514fc4011866016c13845b4' ]
43 info retry fetch attempt 1 at 1:07:49 PM
44 info attempt registry request try #1 at 1:07:49 PM
45 http fetch GET https://registry.npmjs.org/gulp/-/gulp-3.9.1.tgz
46 http fetch 200 https://registry.npmjs.org/gulp/-/gulp-3.9.1.tgz
47 silly fetchAndShaCheck shasum 571ce45928dd40af6514fc4011866016c13845b4
48 verbose addTmpTarball /var/folders/j7/lzj73ymj6d3450z5dq5jg5980000gn/T/npm-39695-d7aa9842/registry.npmjs.org/gulp/-/gulp-3.9.1.tgz not in flight; adding
49 verbose addTmpTarball already have metadata; skipping unpack for gulp@3.9.1
50 silly cache afterAdd gulp@3.9.1
51 verbose afterAdd /Users/austincrane/.npm/gulp/3.9.1/package/package.json not in flight; writing
52 verbose afterAdd /Users/austincrane/.npm/gulp/3.9.1/package/package.json written
53 silly install resolved [ { name: 'gulp',
53 silly install resolved     description: 'The streaming build system',
53 silly install resolved     version: '3.9.1',
53 silly install resolved     homepage: 'http://gulpjs.com',
53 silly install resolved     repository: { type: 'git', url: 'git+https://github.com/gulpjs/gulp.git' },
53 silly install resolved     author:
53 silly install resolved      { name: 'Fractal',
53 silly install resolved        email: 'contact@wearefractal.com',
53 silly install resolved        url: 'http://wearefractal.com/' },
53 silly install resolved     tags: [ 'build', 'stream', 'system', 'make', 'tool', 'asset', 'pipeline' ],
53 silly install resolved     files: [ 'index.js', 'lib', 'bin', 'completion', 'gulp.1' ],
53 silly install resolved     bin: { gulp: './bin/gulp.js' },
53 silly install resolved     man: [ 'gulp.1' ],
53 silly install resolved     dependencies:
53 silly install resolved      { archy: '^1.0.0',
53 silly install resolved        chalk: '^1.0.0',
53 silly install resolved        deprecated: '^0.0.1',
53 silly install resolved        'gulp-util': '^3.0.0',
53 silly install resolved        interpret: '^1.0.0',
53 silly install resolved        liftoff: '^2.1.0',
53 silly install resolved        minimist: '^1.1.0',
53 silly install resolved        orchestrator: '^0.3.0',
53 silly install resolved        'pretty-hrtime': '^1.0.0',
53 silly install resolved        semver: '^4.1.0',
53 silly install resolved        tildify: '^1.0.0',
53 silly install resolved        v8flags: '^2.0.2',
53 silly install resolved        'vinyl-fs': '^0.3.0' },
53 silly install resolved     devDependencies:
53 silly install resolved      { coveralls: '^2.7.0',
53 silly install resolved        eslint: '^1.7.3',
53 silly install resolved        'eslint-config-gulp': '^2.0.0',
53 silly install resolved        'graceful-fs': '^3.0.0',
53 silly install resolved        istanbul: '^0.3.0',
53 silly install resolved        jscs: '^2.3.5',
53 silly install resolved        'jscs-preset-gulp': '^1.0.0',
53 silly install resolved        'marked-man': '^0.1.3',
53 silly install resolved        mkdirp: '^0.5.0',
53 silly install resolved        mocha: '^2.0.1',
53 silly install resolved        'mocha-lcov-reporter': '^0.0.1',
53 silly install resolved        q: '^1.0.0',
53 silly install resolved        rimraf: '^2.2.5',
53 silly install resolved        should: '^5.0.1' },
53 silly install resolved     scripts:
53 silly install resolved      { prepublish: 'marked-man --name gulp docs/CLI.md > gulp.1',
53 silly install resolved        lint: 'eslint . && jscs *.js bin/ lib/ test/',
53 silly install resolved        pretest: 'npm run lint',
53 silly install resolved        test: 'mocha --reporter spec',
53 silly install resolved        coveralls: 'istanbul cover _mocha --report lcovonly -- -R spec && cat ./coverage/lcov.info | coveralls && rm -rf ./coverage' },
53 silly install resolved     engines: { node: '>= 0.9' },
53 silly install resolved     license: 'MIT',
53 silly install resolved     gitHead: '9c14e3a13a73a32e424f144d62566671b2fcdbed',
53 silly install resolved     bugs: { url: 'https://github.com/gulpjs/gulp/issues' },
53 silly install resolved     _id: 'gulp@3.9.1',
53 silly install resolved     _shasum: '571ce45928dd40af6514fc4011866016c13845b4',
53 silly install resolved     _from: 'gulp@*',
53 silly install resolved     _npmVersion: '2.14.14',
53 silly install resolved     _nodeVersion: '0.10.41',
53 silly install resolved     _npmUser: { name: 'phated', email: 'blaine@iceddev.com' },
53 silly install resolved     maintainers: [ [Object], [Object] ],
53 silly install resolved     dist:
53 silly install resolved      { shasum: '571ce45928dd40af6514fc4011866016c13845b4',
53 silly install resolved        tarball: 'http://registry.npmjs.org/gulp/-/gulp-3.9.1.tgz' },
53 silly install resolved     _npmOperationalInternal:
53 silly install resolved      { host: 'packages-6-west.internal.npmjs.com',
53 silly install resolved        tmp: 'tmp/gulp-3.9.1.tgz_1454957415500_0.15343931876122952' },
53 silly install resolved     directories: {},
53 silly install resolved     _resolved: 'https://registry.npmjs.org/gulp/-/gulp-3.9.1.tgz' } ]
54 info install gulp@3.9.1 into /Users/austincrane
55 info installOne gulp@3.9.1
56 verbose installOne of gulp to /Users/austincrane not in flight; installing
57 verbose lock using /Users/austincrane/.npm/_locks/gulp-84ad4deb38473aa1.lock for /Users/austincrane/node_modules/gulp
58 silly install write writing gulp 3.9.1 to /Users/austincrane/node_modules/gulp
59 verbose unbuild node_modules/gulp
60 info preuninstall gulp@3.9.0
61 info uninstall gulp@3.9.0
62 verbose unbuild rmStuff gulp@3.9.0 from /Users/austincrane/node_modules
63 silly gentlyRm /Users/austincrane/node_modules/.bin/gulp is being gently removed
64 silly gentlyRm verifying /Users/austincrane is an npm working directory
65 silly gentlyRm containing path /Users/austincrane is under npm's control, in /Users/austincrane
66 silly gentlyRm deletion target /Users/austincrane/node_modules/.bin/gulp is under /Users/austincrane
67 verbose gentlyRm vacuuming from /Users/austincrane/node_modules/.bin/gulp up to /Users/austincrane
68 silly vacuum-fs removing /Users/austincrane/node_modules/.bin/gulp
69 verbose unlock done using /Users/austincrane/.npm/_locks/gulp-84ad4deb38473aa1.lock for /Users/austincrane/node_modules/gulp
70 verbose stack Error: EACCES: permission denied, unlink '/Users/austincrane/node_modules/.bin/gulp'
70 verbose stack     at Error (native)
71 verbose cwd /Users/austincrane/Documents/htdocs/Bellaworks/mid-florida-materials/site/bw/wp-content/themes/midflorida
72 error Darwin 14.5.0
73 error argv "/usr/local/bin/node" "/usr/local/bin/npm" "install" "--save-dev" "gulp"
74 error node v4.2.2
75 error npm  v2.14.7
76 error path /Users/austincrane/node_modules/.bin/gulp
77 error code EACCES
78 error errno -13
79 error syscall unlink
80 error Error: EACCES: permission denied, unlink '/Users/austincrane/node_modules/.bin/gulp'
80 error     at Error (native)
80 error  { [Error: EACCES: permission denied, unlink '/Users/austincrane/node_modules/.bin/gulp']
80 error   errno: -13,
80 error   code: 'EACCES',
80 error   syscall: 'unlink',
80 error   path: '/Users/austincrane/node_modules/.bin/gulp' }
81 error Please try running this command again as root/Administrator.
82 verbose exit [ -13, true ]
83 verbose unbuild node_modules/gulp
84 info preuninstall gulp@3.9.0
85 info uninstall gulp@3.9.0
86 verbose unbuild rmStuff gulp@3.9.0 from /Users/austincrane/node_modules
87 silly gentlyRm /Users/austincrane/node_modules/.bin/gulp is being gently removed
88 silly gentlyRm verifying /Users/austincrane is an npm working directory
89 silly gentlyRm containing path /Users/austincrane is under npm's control, in /Users/austincrane
90 silly gentlyRm deletion target /Users/austincrane/node_modules/.bin/gulp is under /Users/austincrane
91 verbose gentlyRm vacuuming from /Users/austincrane/node_modules/.bin/gulp up to /Users/austincrane
92 silly vacuum-fs removing /Users/austincrane/node_modules/.bin/gulp
93 error error rolling back Error: EACCES: permission denied, unlink '/Users/austincrane/node_modules/.bin/gulp'
93 error error rolling back     at Error (native)
93 error error rolling back  { [Error: EACCES: permission denied, unlink '/Users/austincrane/node_modules/.bin/gulp']
93 error error rolling back   errno: -13,
93 error error rolling back   code: 'EACCES',
93 error error rolling back   syscall: 'unlink',
93 error error rolling back   path: '/Users/austincrane/node_modules/.bin/gulp' }
